D:\VSProjects\EmployeeApp2\EmployeeApp2\dist\out-tsc\src\app\app.component.js
D:\VSProjects\EmployeeApp2\EmployeeApp2\dist\out-tsc\src\app\app.component.js.map
D:\VSProjects\EmployeeApp2\EmployeeApp2\dist\out-tsc\src\app\iemployee.js
D:\VSProjects\EmployeeApp2\EmployeeApp2\dist\out-tsc\src\app\iemployee.js.map
D:\VSProjects\EmployeeApp2\EmployeeApp2\dist\out-tsc\src\app\employee.service.js
D:\VSProjects\EmployeeApp2\EmployeeApp2\dist\out-tsc\src\app\employee.service.js.map
D:\VSProjects\EmployeeApp2\EmployeeApp2\dist\out-tsc\src\app\employee\employee.component.js
D:\VSProjects\EmployeeApp2\EmployeeApp2\dist\out-tsc\src\app\employee\employee.component.js.map
D:\VSProjects\EmployeeApp2\EmployeeApp2\dist\out-tsc\src\app\app.module.js
D:\VSProjects\EmployeeApp2\EmployeeApp2\dist\out-tsc\src\app\app.module.js.map
D:\VSProjects\EmployeeApp2\EmployeeApp2\dist\out-tsc\src\environments\environment.js
D:\VSProjects\EmployeeApp2\EmployeeApp2\dist\out-tsc\src\environments\environment.js.map
D:\VSProjects\EmployeeApp2\EmployeeApp2\dist\out-tsc\src\main.js
D:\VSProjects\EmployeeApp2\EmployeeApp2\dist\out-tsc\src\main.js.map
D:\VSProjects\EmployeeApp2\EmployeeApp2\dist\out-tsc\src\polyfills.js
D:\VSProjects\EmployeeApp2\EmployeeApp2\dist\out-tsc\src\polyfills.js.map
D:\VSProjects\EmployeeApp2\EmployeeApp2\dist\out-tsc\src\test.js
D:\VSProjects\EmployeeApp2\EmployeeApp2\dist\out-tsc\src\test.js.map
D:\VSProjects\EmployeeApp2\EmployeeApp2\dist\out-tsc\e2e\src\app.po.js
D:\VSProjects\EmployeeApp2\EmployeeApp2\dist\out-tsc\e2e\src\app.po.js.map
D:\VSProjects\EmployeeApp2\EmployeeApp2\dist\out-tsc\e2e\src\app.e2e-spec.js
D:\VSProjects\EmployeeApp2\EmployeeApp2\dist\out-tsc\e2e\src\app.e2e-spec.js.map
D:\VSProjects\EmployeeApp2\EmployeeApp2\dist\out-tsc\src\app\app.component.spec.js
D:\VSProjects\EmployeeApp2\EmployeeApp2\dist\out-tsc\src\app\app.component.spec.js.map
D:\VSProjects\EmployeeApp2\EmployeeApp2\dist\out-tsc\src\app\employee.service.spec.js
D:\VSProjects\EmployeeApp2\EmployeeApp2\dist\out-tsc\src\app\employee.service.spec.js.map
D:\VSProjects\EmployeeApp2\EmployeeApp2\dist\out-tsc\src\environments\environment.prod.js
D:\VSProjects\EmployeeApp2\EmployeeApp2\dist\out-tsc\src\environments\environment.prod.js.map
D:\VSProjects\EmployeeApp2\EmployeeApp2\dist\out-tsc\src\app\employee\employee.component.spec.js
D:\VSProjects\EmployeeApp2\EmployeeApp2\dist\out-tsc\src\app\employee\employee.component.spec.js.map
